<?xml version="1.0" encoding="UTF-8"?>
<testsuite name="PencilTest" tests="1" skipped="0" failures="0" errors="0" timestamp="2020-03-05T00:33:00" hostname="Mikaylas-Razer-Blade" time="0.003">
  <properties/>
  <testcase name="shouldAppendStringToPaperWhenWriteIsCalled" classname="PencilTest" time="0.003"/>
  <system-out><![CDATA[]]></system-out>
  <system-err><![CDATA[]]></system-err>
</testsuite>
