<?xml version="1.0" encoding="UTF-8"?>
<testsuite name="PencilTest" tests="1" skipped="0" failures="0" errors="0" timestamp="2020-02-29T22:43:37" hostname="Mikaylas-Razer-Blade" time="0.002">
  <properties/>
  <testcase name="shouldStoreStringOnPaperWhenWriteIsCalled" classname="PencilTest" time="0.002"/>
  <system-out><![CDATA[]]></system-out>
  <system-err><![CDATA[]]></system-err>
</testsuite>
